<?xml version="1.0" encoding="UTF-8"?>
<testng-results ignored="0" total="2" passed="2" failed="0" skipped="0">
  <reporter-output>
  </reporter-output>
  <suite started-at="2019-05-14T05:43:29Z" name="Suite" finished-at="2019-05-14T05:43:29Z" duration-ms="126">
    <groups>
    </groups>
    <test started-at="2019-05-14T05:43:29Z" name="Test" finished-at="2019-05-14T05:43:29Z" duration-ms="126">
      <class name="p1.test1">
        <test-method signature="method1()[pri:0, instance:p1.test1@52e677af]" started-at="2019-05-14T05:43:29Z" name="method1" finished-at="2019-05-14T05:43:29Z" duration-ms="43" status="PASS">
          <reporter-output>
          </reporter-output>
        </test-method> <!-- method1 -->
        <test-method signature="method2()[pri:0, instance:p1.test1@52e677af]" started-at="2019-05-14T05:43:29Z" name="method2" finished-at="2019-05-14T05:43:29Z" duration-ms="3" status="PASS">
          <reporter-output>
          </reporter-output>
        </test-method> <!-- method2 -->
      </class> <!-- p1.test1 -->
    </test> <!-- Test -->
  </suite> <!-- Suite -->
</testng-results>
